<?xml version="1.0" encoding="UTF-8"?>
<testng-results ignored="0" total="2" passed="2" failed="0" skipped="0">
  <reporter-output>
  </reporter-output>
  <suite started-at="2023-06-15T12:43:32 IST" name="Default suite" finished-at="2023-06-15T12:43:42 IST" duration-ms="10935">
    <groups>
    </groups>
    <test started-at="2023-06-15T12:43:32 IST" name="Default test" finished-at="2023-06-15T12:43:42 IST" duration-ms="10935">
      <class name="org.testleaf.testcases.TC001_LoginPage">
        <test-method is-config="true" signature="startReport()[pri:0, instance:org.testleaf.testcases.TC001_LoginPage@663c9e7a]" started-at="2023-06-15T12:43:31 IST" name="startReport" finished-at="2023-06-15T12:43:32 IST" duration-ms="290" status="PASS">
          <reporter-output>
          </reporter-output>
        </test-method> <!-- startReport -->
        <test-method is-config="true" signature="setData()[pri:0, instance:org.testleaf.testcases.TC001_LoginPage@663c9e7a]" started-at="2023-06-15T12:43:32 IST" name="setData" finished-at="2023-06-15T12:43:32 IST" duration-ms="1" status="PASS">
          <reporter-output>
          </reporter-output>
        </test-method> <!-- setData -->
        <test-method is-config="true" signature="testDetails()[pri:0, instance:org.testleaf.testcases.TC001_LoginPage@663c9e7a]" started-at="2023-06-15T12:43:32 IST" name="testDetails" finished-at="2023-06-15T12:43:32 IST" duration-ms="6" status="PASS">
          <reporter-output>
          </reporter-output>
        </test-method> <!-- testDetails -->
        <test-method is-config="true" signature="preCondition()[pri:0, instance:org.testleaf.testcases.TC001_LoginPage@663c9e7a]" started-at="2023-06-15T12:43:33 IST" name="preCondition" finished-at="2023-06-15T12:43:36 IST" duration-ms="3365" status="PASS">
          <reporter-output>
          </reporter-output>
        </test-method> <!-- preCondition -->
        <test-method signature="runLogin(java.lang.String,java.lang.String)[pri:0, instance:org.testleaf.testcases.TC001_LoginPage@663c9e7a]" started-at="2023-06-15T12:43:36 IST" name="runLogin" data-provider="fetchData" finished-at="2023-06-15T12:43:38 IST" duration-ms="1284" status="PASS">
          <params>
            <param index="0">
              <value>
                <![CDATA[DemoSalesManager]]>
              </value>
            </param>
            <param index="1">
              <value>
                <![CDATA[crmsfa]]>
              </value>
            </param>
          </params>
          <reporter-output>
          </reporter-output>
        </test-method> <!-- runLogin -->
        <test-method is-config="true" signature="postCondition()[pri:0, instance:org.testleaf.testcases.TC001_LoginPage@663c9e7a]" started-at="2023-06-15T12:43:38 IST" name="postCondition" finished-at="2023-06-15T12:43:38 IST" duration-ms="135" status="PASS">
          <reporter-output>
          </reporter-output>
        </test-method> <!-- postCondition -->
        <test-method is-config="true" signature="preCondition()[pri:0, instance:org.testleaf.testcases.TC001_LoginPage@663c9e7a]" started-at="2023-06-15T12:43:38 IST" name="preCondition" finished-at="2023-06-15T12:43:41 IST" duration-ms="3225" status="PASS">
          <reporter-output>
          </reporter-output>
        </test-method> <!-- preCondition -->
        <test-method signature="runLogin(java.lang.String,java.lang.String)[pri:0, instance:org.testleaf.testcases.TC001_LoginPage@663c9e7a]" started-at="2023-06-15T12:43:41 IST" name="runLogin" data-provider="fetchData" finished-at="2023-06-15T12:43:42 IST" duration-ms="1217" status="PASS">
          <params>
            <param index="0">
              <value>
                <![CDATA[DemoCSR]]>
              </value>
            </param>
            <param index="1">
              <value>
                <![CDATA[crmsfa]]>
              </value>
            </param>
          </params>
          <reporter-output>
          </reporter-output>
        </test-method> <!-- runLogin -->
        <test-method is-config="true" signature="postCondition()[pri:0, instance:org.testleaf.testcases.TC001_LoginPage@663c9e7a]" started-at="2023-06-15T12:43:42 IST" name="postCondition" finished-at="2023-06-15T12:43:42 IST" duration-ms="114" status="PASS">
          <reporter-output>
          </reporter-output>
        </test-method> <!-- postCondition -->
        <test-method is-config="true" signature="stopReport()[pri:0, instance:org.testleaf.testcases.TC001_LoginPage@663c9e7a]" started-at="2023-06-15T12:43:43 IST" name="stopReport" finished-at="2023-06-15T12:43:43 IST" duration-ms="448" status="PASS">
          <reporter-output>
          </reporter-output>
        </test-method> <!-- stopReport -->
      </class> <!-- org.testleaf.testcases.TC001_LoginPage -->
    </test> <!-- Default test -->
  </suite> <!-- Default suite -->
</testng-results>
